Using pre-set license
Built from '2020.2/release' branch; Version is '2020.2.1f1 (270dd8c3da1c) revision 2559448'; Using compiler version '192528614'; Build Type 'Release'
OS: 'Windows 10  (10.0.0) 64bit' Language: 'en' Physical Memory: 16311 MB
BatchMode: 1, IsHumanControllingUs: 0, StartBugReporterOnCrash: 0, Is64bit: 1, IsPro: 0

 COMMAND LINE ARGUMENTS:
C:\Program Files\Unity\Hub\Editor\2020.2.1f1\Editor\Unity.exe
-adb2
-batchMode
-noUpm
-name
AssetImportWorker0
-projectPath
C:/Users/AzK-v/Documents/gamedev/mmorpg
-logFile
Logs/AssetImportWorker0.log
-srvPort
52351
Successfully changed project path to: C:/Users/AzK-v/Documents/gamedev/mmorpg
C:/Users/AzK-v/Documents/gamedev/mmorpg
Using Asset Import Pipeline V2.
Refreshing native plugins compatible for Editor in 33.61 ms, found 0 plugins.
Preloading 0 native plugins for Editor in 0.00 ms.
Initialize engine version: 2020.2.1f1 (270dd8c3da1c)
[Subsystems] Discovering subsystems at path C:/Program Files/Unity/Hub/Editor/2020.2.1f1/Editor/Data/Resources/UnitySubsystems
[Subsystems] Discovering subsystems at path C:/Users/AzK-v/Documents/gamedev/mmorpg/Assets
GfxDevice: creating device client; threaded=0
Direct3D:
    Version:  Direct3D 11.0 [level 11.1]
    Renderer: NVIDIA GeForce GTX 1060 6GB (ID=0x1c03)
    Vendor:   
    VRAM:     6052 MB
    Driver:   26.21.14.3200
Initialize mono
Mono path[0] = 'C:/Program Files/Unity/Hub/Editor/2020.2.1f1/Editor/Data/Managed'
Mono path[1] = 'C:/Program Files/Unity/Hub/Editor/2020.2.1f1/Editor/Data/MonoBleedingEdge/lib/mono/unityjit'
Mono config path = 'C:/Program Files/Unity/Hub/Editor/2020.2.1f1/Editor/Data/MonoBleedingEdge/etc'
Using monoOptions --debugger-agent=transport=dt_socket,embedding=1,server=y,suspend=n,address=127.0.0.1:56368
Begin MonoManager ReloadAssembly
Registering precompiled unity dll's ...
Register platform support module: C:/Program Files/Unity/Hub/Editor/2020.2.1f1/Editor/Data/PlaybackEngines/WindowsStandaloneSupport/UnityEditor.WindowsStandalone.Extensions.dll
Registered in 0.002943 seconds.
Native extension for WindowsStandalone target not found
Refreshing native plugins compatible for Editor in 31.37 ms, found 0 plugins.
Preloading 0 native plugins for Editor in 0.00 ms.
Invoked RoslynAnalysisRunner static constructor.
RoslynAnalysisRunner will not be running.
RoslynAnalysisRunner has terminated.
Mono: successfully reloaded assembly
- Completed reload, in  1.455 seconds
Platform modules already initialized, skipping
Registering precompiled user dll's ...
Registered in 0.001346 seconds.
Begin MonoManager ReloadAssembly
Symbol file LoadedFromMemory is not a mono symbol file
Native extension for WindowsStandalone target not found
Refreshing native plugins compatible for Editor in 33.15 ms, found 0 plugins.
Preloading 0 native plugins for Editor in 0.00 ms.
Invoked RoslynAnalysisRunner static constructor.
RoslynAnalysisRunner will not be running.
RoslynAnalysisRunner has terminated.
Mono: successfully reloaded assembly
- Completed reload, in  1.134 seconds
Platform modules already initialized, skipping
========================================================================
Worker process is ready to serve import requests
Launched and connected shader compiler UnityShaderCompiler.exe after 0.16 seconds
Refreshing native plugins compatible for Editor in 0.26 ms, found 0 plugins.
Preloading 0 native plugins for Editor in 0.00 ms.
Unloading 1420 Unused Serialized files (Serialized files now loaded: 0)
System memory in use before: 67.6 MB.
System memory in use after: 67.7 MB.

Unloading 12 unused Assets to reduce memory usage. Loaded Objects now: 1873.
Total: 2.256300 ms (FindLiveObjects: 0.222700 ms CreateObjectMapping: 0.080300 ms MarkObjects: 1.833400 ms  DeleteObjects: 0.118900 ms)

========================================================================
Received Import Request.
  path: Assets/_Project/Scripts/Character/ControlBehavior.cs
  artifactKey: Guid(f2b038fbda7a48b4ad31d58e43dce8e6) Importer(815301076,1909f56bfc062723c751e8b465ee728b)
Start importing Assets/_Project/Scripts/Character/ControlBehavior.cs using Guid(f2b038fbda7a48b4ad31d58e43dce8e6) Importer(815301076,1909f56bfc062723c751e8b465ee728b)  -> (artifact id: '12cc1be59de5614d82acc1e164f4ca3d') in 0.063252 seconds
  Import took 0.066001 seconds .

========================================================================
Received Prepare
Registering precompiled user dll's ...
Registered in 0.001402 seconds.
Begin MonoManager ReloadAssembly
Symbol file LoadedFromMemory is not a mono symbol file
Native extension for WindowsStandalone target not found
Refreshing native plugins compatible for Editor in 0.26 ms, found 0 plugins.
Preloading 0 native plugins for Editor in 0.00 ms.
Invoked RoslynAnalysisRunner static constructor.
RoslynAnalysisRunner will not be running.
RoslynAnalysisRunner has terminated.
Mono: successfully reloaded assembly
- Completed reload, in  1.039 seconds
Platform modules already initialized, skipping
Refreshing native plugins compatible for Editor in 0.26 ms, found 0 plugins.
Preloading 0 native plugins for Editor in 0.00 ms.
Unloading 1414 Unused Serialized files (Serialized files now loaded: 0)
System memory in use before: 67.8 MB.
System memory in use after: 67.9 MB.

Unloading 5 unused Assets to reduce memory usage. Loaded Objects now: 1875.
Total: 2.115200 ms (FindLiveObjects: 0.192800 ms CreateObjectMapping: 0.050200 ms MarkObjects: 1.834900 ms  DeleteObjects: 0.036000 ms)

========================================================================
Received Import Request.
  Time since last request: 48.558149 seconds.
  path: Assets/_Project/Scripts/Character/ControlScript.cs
  artifactKey: Guid(2625ffd21cba90d4a92469a4b26df56a) Importer(815301076,1909f56bfc062723c751e8b465ee728b)
Start importing Assets/_Project/Scripts/Character/ControlScript.cs using Guid(2625ffd21cba90d4a92469a4b26df56a) Importer(815301076,1909f56bfc062723c751e8b465ee728b)  -> (artifact id: '1d270dd5c955495ea040d6581d838bac') in 0.011220 seconds
  Import took 0.013765 seconds .

========================================================================
Received Import Request.
  Time since last request: 0.031503 seconds.
  path: Assets/_Project/Scripts/Character/ControlScript.cs
  artifactKey: Guid(2625ffd21cba90d4a92469a4b26df56a) Importer(815301076,1909f56bfc062723c751e8b465ee728b)
Start importing Assets/_Project/Scripts/Character/ControlScript.cs using Guid(2625ffd21cba90d4a92469a4b26df56a) Importer(815301076,1909f56bfc062723c751e8b465ee728b)  -> (artifact id: '1d270dd5c955495ea040d6581d838bac') in 0.016354 seconds
  Import took 0.021430 seconds .

========================================================================
Received Prepare
Registering precompiled user dll's ...
Registered in 0.001340 seconds.
Begin MonoManager ReloadAssembly
Symbol file LoadedFromMemory is not a mono symbol file
Native extension for WindowsStandalone target not found
Refreshing native plugins compatible for Editor in 0.26 ms, found 0 plugins.
Preloading 0 native plugins for Editor in 0.00 ms.
Invoked RoslynAnalysisRunner static constructor.
RoslynAnalysisRunner will not be running.
RoslynAnalysisRunner has terminated.
Mono: successfully reloaded assembly
- Completed reload, in  1.051 seconds
Platform modules already initialized, skipping
Refreshing native plugins compatible for Editor in 0.28 ms, found 0 plugins.
Preloading 0 native plugins for Editor in 0.00 ms.
Unloading 1415 Unused Serialized files (Serialized files now loaded: 0)
System memory in use before: 68.0 MB.
System memory in use after: 68.2 MB.

Unloading 5 unused Assets to reduce memory usage. Loaded Objects now: 1878.
Total: 2.366200 ms (FindLiveObjects: 0.187200 ms CreateObjectMapping: 0.061400 ms MarkObjects: 2.083000 ms  DeleteObjects: 0.033400 ms)

========================================================================
Received Import Request.
  Time since last request: 11.771138 seconds.
  path: Assets/_Project/Scripts/Character/ControlBehavior.cs
  artifactKey: Guid(2625ffd21cba90d4a92469a4b26df56a) Importer(815301076,1909f56bfc062723c751e8b465ee728b)
Start importing Assets/_Project/Scripts/Character/ControlBehavior.cs using Guid(2625ffd21cba90d4a92469a4b26df56a) Importer(815301076,1909f56bfc062723c751e8b465ee728b)  -> (artifact id: 'eb271e160cb9152aa3e7911192376b19') in 0.008488 seconds
  Import took 0.012078 seconds .

========================================================================
Received Prepare
Registering precompiled user dll's ...
Registered in 0.001405 seconds.
Begin MonoManager ReloadAssembly
Symbol file LoadedFromMemory is not a mono symbol file
Native extension for WindowsStandalone target not found
Refreshing native plugins compatible for Editor in 0.27 ms, found 0 plugins.
Preloading 0 native plugins for Editor in 0.00 ms.
Invoked RoslynAnalysisRunner static constructor.
RoslynAnalysisRunner will not be running.
RoslynAnalysisRunner has terminated.
Mono: successfully reloaded assembly
- Completed reload, in  1.087 seconds
Platform modules already initialized, skipping
Refreshing native plugins compatible for Editor in 0.36 ms, found 0 plugins.
Preloading 0 native plugins for Editor in 0.00 ms.
Unloading 1415 Unused Serialized files (Serialized files now loaded: 0)
System memory in use before: 68.2 MB.
System memory in use after: 68.3 MB.

Unloading 5 unused Assets to reduce memory usage. Loaded Objects now: 1880.
Total: 2.384500 ms (FindLiveObjects: 0.188600 ms CreateObjectMapping: 0.055900 ms MarkObjects: 2.105100 ms  DeleteObjects: 0.033100 ms)

========================================================================
Received Prepare
Registering precompiled user dll's ...
Registered in 0.001380 seconds.
Begin MonoManager ReloadAssembly
Symbol file LoadedFromMemory is not a mono symbol file
Native extension for WindowsStandalone target not found
Refreshing native plugins compatible for Editor in 0.27 ms, found 0 plugins.
Preloading 0 native plugins for Editor in 0.00 ms.
Invoked RoslynAnalysisRunner static constructor.
RoslynAnalysisRunner will not be running.
RoslynAnalysisRunner has terminated.
Mono: successfully reloaded assembly
- Completed reload, in  1.023 seconds
Platform modules already initialized, skipping
Refreshing native plugins compatible for Editor in 0.29 ms, found 0 plugins.
Preloading 0 native plugins for Editor in 0.00 ms.
Unloading 1415 Unused Serialized files (Serialized files now loaded: 0)
System memory in use before: 68.4 MB.
System memory in use after: 68.5 MB.

Unloading 5 unused Assets to reduce memory usage. Loaded Objects now: 1882.
Total: 2.080600 ms (FindLiveObjects: 0.178400 ms CreateObjectMapping: 0.056200 ms MarkObjects: 1.812200 ms  DeleteObjects: 0.032300 ms)

========================================================================
Received Import Request.
  Time since last request: 120.622987 seconds.
  path: Assets/_Project/Scripts/Character/ControlBehavior.cs
  artifactKey: Guid(2625ffd21cba90d4a92469a4b26df56a) Importer(815301076,1909f56bfc062723c751e8b465ee728b)
Start importing Assets/_Project/Scripts/Character/ControlBehavior.cs using Guid(2625ffd21cba90d4a92469a4b26df56a) Importer(815301076,1909f56bfc062723c751e8b465ee728b)  -> (artifact id: '49496adfaa471efe37b8f36fa2bd7f80') in 0.007828 seconds
  Import took 0.010704 seconds .

========================================================================
Received Import Request.
  Time since last request: 67.602190 seconds.
  path: Assets/_Project/Scripts/Utils/ControlBehavior.cs
  artifactKey: Guid(f2b038fbda7a48b4ad31d58e43dce8e6) Importer(815301076,1909f56bfc062723c751e8b465ee728b)
Start importing Assets/_Project/Scripts/Utils/ControlBehavior.cs using Guid(f2b038fbda7a48b4ad31d58e43dce8e6) Importer(815301076,1909f56bfc062723c751e8b465ee728b)  -> (artifact id: 'f8f3ea47204f405b23dfa47ad5861d10') in 0.003868 seconds
  Import took 0.006934 seconds .

========================================================================
Received Prepare
Registering precompiled user dll's ...
Registered in 0.001724 seconds.
Begin MonoManager ReloadAssembly
Symbol file LoadedFromMemory is not a mono symbol file
Native extension for WindowsStandalone target not found
Refreshing native plugins compatible for Editor in 0.26 ms, found 0 plugins.
Preloading 0 native plugins for Editor in 0.00 ms.
Invoked RoslynAnalysisRunner static constructor.
RoslynAnalysisRunner will not be running.
RoslynAnalysisRunner has terminated.
Mono: successfully reloaded assembly
- Completed reload, in  1.017 seconds
Platform modules already initialized, skipping
Refreshing native plugins compatible for Editor in 0.29 ms, found 0 plugins.
Preloading 0 native plugins for Editor in 0.00 ms.
Unloading 1414 Unused Serialized files (Serialized files now loaded: 0)
System memory in use before: 68.5 MB.
System memory in use after: 68.6 MB.

Unloading 6 unused Assets to reduce memory usage. Loaded Objects now: 1883.
Total: 2.133100 ms (FindLiveObjects: 0.174500 ms CreateObjectMapping: 0.069300 ms MarkObjects: 1.870900 ms  DeleteObjects: 0.017100 ms)

========================================================================
Received Prepare
Registering precompiled user dll's ...
Registered in 0.001443 seconds.
Begin MonoManager ReloadAssembly
Symbol file LoadedFromMemory is not a mono symbol file
Native extension for WindowsStandalone target not found
Refreshing native plugins compatible for Editor in 0.34 ms, found 0 plugins.
Preloading 0 native plugins for Editor in 0.00 ms.
Invoked RoslynAnalysisRunner static constructor.
RoslynAnalysisRunner will not be running.
RoslynAnalysisRunner has terminated.
Mono: successfully reloaded assembly
- Completed reload, in  1.138 seconds
Platform modules already initialized, skipping
Refreshing native plugins compatible for Editor in 0.31 ms, found 0 plugins.
Preloading 0 native plugins for Editor in 0.00 ms.
Unloading 1414 Unused Serialized files (Serialized files now loaded: 0)
System memory in use before: 68.6 MB.
System memory in use after: 68.7 MB.

Unloading 5 unused Assets to reduce memory usage. Loaded Objects now: 1885.
Total: 2.588600 ms (FindLiveObjects: 0.398300 ms CreateObjectMapping: 0.131500 ms MarkObjects: 2.042000 ms  DeleteObjects: 0.015300 ms)

========================================================================
Received Import Request.
  Time since last request: 105.652383 seconds.
  path: Assets/_Project/Scripts/Character/ControlBehavior.cs
  artifactKey: Guid(2625ffd21cba90d4a92469a4b26df56a) Importer(815301076,1909f56bfc062723c751e8b465ee728b)
Start importing Assets/_Project/Scripts/Character/ControlBehavior.cs using Guid(2625ffd21cba90d4a92469a4b26df56a) Importer(815301076,1909f56bfc062723c751e8b465ee728b)  -> (artifact id: '57c60b6b5ce526f7365bb67bdc876b6f') in 0.006551 seconds
  Import took 0.009590 seconds .

========================================================================
Received Import Request.
  Time since last request: 0.030106 seconds.
  path: Assets/_Project/Scripts/Character/ControlBehavior.cs
  artifactKey: Guid(2625ffd21cba90d4a92469a4b26df56a) Importer(815301076,1909f56bfc062723c751e8b465ee728b)
Start importing Assets/_Project/Scripts/Character/ControlBehavior.cs using Guid(2625ffd21cba90d4a92469a4b26df56a) Importer(815301076,1909f56bfc062723c751e8b465ee728b)  -> (artifact id: '57c60b6b5ce526f7365bb67bdc876b6f') in 0.006556 seconds
  Import took 0.010009 seconds .

========================================================================
Received Import Request.
  Time since last request: 27.211657 seconds.
  path: Assets/_Project/Scripts/Character/ControlBehavior.cs
  artifactKey: Guid(2625ffd21cba90d4a92469a4b26df56a) Importer(815301076,1909f56bfc062723c751e8b465ee728b)
Start importing Assets/_Project/Scripts/Character/ControlBehavior.cs using Guid(2625ffd21cba90d4a92469a4b26df56a) Importer(815301076,1909f56bfc062723c751e8b465ee728b)  -> (artifact id: '07f3e5088e5659c67fca882ef5553002') in 0.004433 seconds
  Import took 0.008156 seconds .

========================================================================
Received Prepare
Registering precompiled user dll's ...
Registered in 0.001332 seconds.
Begin MonoManager ReloadAssembly
Symbol file LoadedFromMemory is not a mono symbol file
Native extension for WindowsStandalone target not found
Refreshing native plugins compatible for Editor in 0.25 ms, found 0 plugins.
Preloading 0 native plugins for Editor in 0.00 ms.
Invoked RoslynAnalysisRunner static constructor.
RoslynAnalysisRunner will not be running.
RoslynAnalysisRunner has terminated.
Mono: successfully reloaded assembly
- Completed reload, in  1.037 seconds
Platform modules already initialized, skipping
Refreshing native plugins compatible for Editor in 0.34 ms, found 0 plugins.
Preloading 0 native plugins for Editor in 0.00 ms.
Unloading 1414 Unused Serialized files (Serialized files now loaded: 0)
System memory in use before: 68.8 MB.
System memory in use after: 68.9 MB.

Unloading 5 unused Assets to reduce memory usage. Loaded Objects now: 1887.
Total: 2.048600 ms (FindLiveObjects: 0.161300 ms CreateObjectMapping: 0.056600 ms MarkObjects: 1.797400 ms  DeleteObjects: 0.032200 ms)

========================================================================
Received Import Request.
  Time since last request: 46.235959 seconds.
  path: Assets/_Project/Scripts/Character/ControlBehavior.cs
  artifactKey: Guid(2625ffd21cba90d4a92469a4b26df56a) Importer(815301076,1909f56bfc062723c751e8b465ee728b)
Start importing Assets/_Project/Scripts/Character/ControlBehavior.cs using Guid(2625ffd21cba90d4a92469a4b26df56a) Importer(815301076,1909f56bfc062723c751e8b465ee728b)  -> (artifact id: 'b5225037034e1ac18fb7d3a978e85ad3') in 0.009998 seconds
  Import took 0.014349 seconds .

========================================================================
Received Prepare
Registering precompiled user dll's ...
Registered in 0.001950 seconds.
Begin MonoManager ReloadAssembly
Symbol file LoadedFromMemory is not a mono symbol file
Native extension for WindowsStandalone target not found
Refreshing native plugins compatible for Editor in 0.30 ms, found 0 plugins.
Preloading 0 native plugins for Editor in 0.00 ms.
Invoked RoslynAnalysisRunner static constructor.
RoslynAnalysisRunner will not be running.
RoslynAnalysisRunner has terminated.
Mono: successfully reloaded assembly
- Completed reload, in  1.033 seconds
Platform modules already initialized, skipping
Refreshing native plugins compatible for Editor in 0.34 ms, found 0 plugins.
Preloading 0 native plugins for Editor in 0.00 ms.
Unloading 1414 Unused Serialized files (Serialized files now loaded: 0)
System memory in use before: 69.0 MB.
System memory in use after: 69.1 MB.

Unloading 5 unused Assets to reduce memory usage. Loaded Objects now: 1889.
Total: 2.358500 ms (FindLiveObjects: 0.221600 ms CreateObjectMapping: 0.087900 ms MarkObjects: 2.001000 ms  DeleteObjects: 0.046400 ms)

========================================================================
Received Prepare
Registering precompiled user dll's ...
Registered in 0.001377 seconds.
Begin MonoManager ReloadAssembly
Symbol file LoadedFromMemory is not a mono symbol file
Native extension for WindowsStandalone target not found
Refreshing native plugins compatible for Editor in 0.31 ms, found 0 plugins.
Preloading 0 native plugins for Editor in 0.00 ms.
Invoked RoslynAnalysisRunner static constructor.
RoslynAnalysisRunner will not be running.
RoslynAnalysisRunner has terminated.
Mono: successfully reloaded assembly
- Completed reload, in  1.025 seconds
Platform modules already initialized, skipping
Refreshing native plugins compatible for Editor in 0.29 ms, found 0 plugins.
Preloading 0 native plugins for Editor in 0.00 ms.
Unloading 1414 Unused Serialized files (Serialized files now loaded: 0)
System memory in use before: 69.1 MB.
System memory in use after: 69.3 MB.

Unloading 5 unused Assets to reduce memory usage. Loaded Objects now: 1891.
Total: 2.374000 ms (FindLiveObjects: 0.454400 ms CreateObjectMapping: 0.183700 ms MarkObjects: 1.704000 ms  DeleteObjects: 0.030800 ms)

========================================================================
Received Prepare
Registering precompiled user dll's ...
Registered in 0.001565 seconds.
Begin MonoManager ReloadAssembly
Symbol file LoadedFromMemory is not a mono symbol file
Native extension for WindowsStandalone target not found
Refreshing native plugins compatible for Editor in 0.48 ms, found 0 plugins.
Preloading 0 native plugins for Editor in 0.00 ms.
Invoked RoslynAnalysisRunner static constructor.
RoslynAnalysisRunner will not be running.
RoslynAnalysisRunner has terminated.
Mono: successfully reloaded assembly
- Completed reload, in  1.022 seconds
Platform modules already initialized, skipping
Refreshing native plugins compatible for Editor in 0.29 ms, found 0 plugins.
Preloading 0 native plugins for Editor in 0.00 ms.
Unloading 1414 Unused Serialized files (Serialized files now loaded: 0)
System memory in use before: 69.3 MB.
System memory in use after: 69.4 MB.

Unloading 5 unused Assets to reduce memory usage. Loaded Objects now: 1893.
Total: 2.092100 ms (FindLiveObjects: 0.165300 ms CreateObjectMapping: 0.049000 ms MarkObjects: 1.859500 ms  DeleteObjects: 0.017100 ms)

========================================================================
Received Import Request.
  Time since last request: 106.396974 seconds.
  path: Assets/_Project/Prefabs/Player.prefab
  artifactKey: Guid(08a778a1906a74a40928769f49d6b102) Importer(815301076,1909f56bfc062723c751e8b465ee728b)
Start importing Assets/_Project/Prefabs/Player.prefab using Guid(08a778a1906a74a40928769f49d6b102) Importer(815301076,1909f56bfc062723c751e8b465ee728b)  -> (artifact id: '8b684563cf00d74adfa45b16a83a77d3') in 0.134761 seconds
  Import took 0.137927 seconds .

========================================================================
Received Prepare
Registering precompiled user dll's ...
Registered in 0.001921 seconds.
Begin MonoManager ReloadAssembly
Symbol file LoadedFromMemory is not a mono symbol file
Native extension for WindowsStandalone target not found
Refreshing native plugins compatible for Editor in 0.25 ms, found 0 plugins.
Preloading 0 native plugins for Editor in 0.00 ms.
Invoked RoslynAnalysisRunner static constructor.
RoslynAnalysisRunner will not be running.
RoslynAnalysisRunner has terminated.
Mono: successfully reloaded assembly
- Completed reload, in  0.987 seconds
Platform modules already initialized, skipping
Refreshing native plugins compatible for Editor in 0.28 ms, found 0 plugins.
Preloading 0 native plugins for Editor in 0.00 ms.
Unloading 1414 Unused Serialized files (Serialized files now loaded: 0)
System memory in use before: 72.6 MB.
System memory in use after: 72.7 MB.

Unloading 6 unused Assets to reduce memory usage. Loaded Objects now: 1903.
Total: 2.176600 ms (FindLiveObjects: 0.166600 ms CreateObjectMapping: 0.047000 ms MarkObjects: 1.939600 ms  DeleteObjects: 0.021800 ms)

========================================================================
Received Prepare
Registering precompiled user dll's ...
Registered in 0.003139 seconds.
Begin MonoManager ReloadAssembly
Symbol file LoadedFromMemory is not a mono symbol file
Native extension for WindowsStandalone target not found
Refreshing native plugins compatible for Editor in 2.42 ms, found 0 plugins.
Preloading 0 native plugins for Editor in 0.00 ms.
Invoked RoslynAnalysisRunner static constructor.
RoslynAnalysisRunner will not be running.
RoslynAnalysisRunner has terminated.
Mono: successfully reloaded assembly
- Completed reload, in  1.661 seconds
Platform modules already initialized, skipping
Refreshing native plugins compatible for Editor in 0.31 ms, found 0 plugins.
Preloading 0 native plugins for Editor in 0.00 ms.
Unloading 1414 Unused Serialized files (Serialized files now loaded: 0)
System memory in use before: 72.8 MB.
System memory in use after: 72.9 MB.

Unloading 5 unused Assets to reduce memory usage. Loaded Objects now: 1905.
Total: 2.616900 ms (FindLiveObjects: 0.216800 ms CreateObjectMapping: 0.089500 ms MarkObjects: 2.254300 ms  DeleteObjects: 0.054700 ms)

========================================================================
Received Prepare
Registering precompiled user dll's ...
Registered in 0.001858 seconds.
Begin MonoManager ReloadAssembly
Symbol file LoadedFromMemory is not a mono symbol file
Native extension for WindowsStandalone target not found
Refreshing native plugins compatible for Editor in 0.29 ms, found 0 plugins.
Preloading 0 native plugins for Editor in 0.00 ms.
Invoked RoslynAnalysisRunner static constructor.
RoslynAnalysisRunner will not be running.
RoslynAnalysisRunner has terminated.
Mono: successfully reloaded assembly
- Completed reload, in  1.060 seconds
Platform modules already initialized, skipping
Refreshing native plugins compatible for Editor in 0.36 ms, found 0 plugins.
Preloading 0 native plugins for Editor in 0.00 ms.
Unloading 1414 Unused Serialized files (Serialized files now loaded: 0)
System memory in use before: 72.8 MB.
System memory in use after: 72.9 MB.

Unloading 5 unused Assets to reduce memory usage. Loaded Objects now: 1907.
Total: 2.207400 ms (FindLiveObjects: 0.281500 ms CreateObjectMapping: 0.089100 ms MarkObjects: 1.789500 ms  DeleteObjects: 0.046200 ms)

========================================================================
Received Prepare
Registering precompiled user dll's ...
Registered in 0.004502 seconds.
Begin MonoManager ReloadAssembly
Symbol file LoadedFromMemory is not a mono symbol file
Native extension for WindowsStandalone target not found
Refreshing native plugins compatible for Editor in 0.34 ms, found 0 plugins.
Preloading 0 native plugins for Editor in 0.00 ms.
Invoked RoslynAnalysisRunner static constructor.
RoslynAnalysisRunner will not be running.
RoslynAnalysisRunner has terminated.
Mono: successfully reloaded assembly
- Completed reload, in  1.796 seconds
Platform modules already initialized, skipping
Refreshing native plugins compatible for Editor in 0.29 ms, found 0 plugins.
Preloading 0 native plugins for Editor in 0.00 ms.
Unloading 1414 Unused Serialized files (Serialized files now loaded: 0)
System memory in use before: 72.1 MB.
System memory in use after: 72.2 MB.

Unloading 5 unused Assets to reduce memory usage. Loaded Objects now: 1909.
Total: 3.864200 ms (FindLiveObjects: 0.213000 ms CreateObjectMapping: 0.135000 ms MarkObjects: 3.497500 ms  DeleteObjects: 0.016800 ms)

========================================================================
Received Prepare
Registering precompiled user dll's ...
Registered in 0.012555 seconds.
Begin MonoManager ReloadAssembly
Symbol file LoadedFromMemory is not a mono symbol file
Native extension for WindowsStandalone target not found
Refreshing native plugins compatible for Editor in 0.32 ms, found 0 plugins.
Preloading 0 native plugins for Editor in 0.00 ms.
Invoked RoslynAnalysisRunner static constructor.
RoslynAnalysisRunner will not be running.
RoslynAnalysisRunner has terminated.
Mono: successfully reloaded assembly
- Completed reload, in  4.794 seconds
Platform modules already initialized, skipping
Refreshing native plugins compatible for Editor in 2.19 ms, found 0 plugins.
Preloading 0 native plugins for Editor in 0.00 ms.
Unloading 1414 Unused Serialized files (Serialized files now loaded: 0)
System memory in use before: 72.2 MB.
System memory in use after: 72.4 MB.

Unloading 5 unused Assets to reduce memory usage. Loaded Objects now: 1911.
Total: 70.965400 ms (FindLiveObjects: 0.248500 ms CreateObjectMapping: 0.065800 ms MarkObjects: 70.589700 ms  DeleteObjects: 0.059300 ms)

========================================================================
Received Prepare
Registering precompiled user dll's ...
Registered in 0.002396 seconds.
Begin MonoManager ReloadAssembly
Symbol file LoadedFromMemory is not a mono symbol file
Native extension for WindowsStandalone target not found
Refreshing native plugins compatible for Editor in 0.38 ms, found 0 plugins.
Preloading 0 native plugins for Editor in 0.00 ms.
Invoked RoslynAnalysisRunner static constructor.
RoslynAnalysisRunner will not be running.
RoslynAnalysisRunner has terminated.
Mono: successfully reloaded assembly
- Completed reload, in  1.858 seconds
Platform modules already initialized, skipping
Refreshing native plugins compatible for Editor in 0.27 ms, found 0 plugins.
Preloading 0 native plugins for Editor in 0.00 ms.
Unloading 1414 Unused Serialized files (Serialized files now loaded: 0)
System memory in use before: 72.4 MB.
System memory in use after: 72.5 MB.

Unloading 5 unused Assets to reduce memory usage. Loaded Objects now: 1913.
Total: 3.617000 ms (FindLiveObjects: 0.957900 ms CreateObjectMapping: 0.135700 ms MarkObjects: 2.489500 ms  DeleteObjects: 0.022600 ms)

========================================================================
Received Import Request.
  Time since last request: 3920.549945 seconds.
  path: Assets/_Project/Prefabs/Player.prefab
  artifactKey: Guid(08a778a1906a74a40928769f49d6b102) Importer(815301076,1909f56bfc062723c751e8b465ee728b)
Start importing Assets/_Project/Prefabs/Player.prefab using Guid(08a778a1906a74a40928769f49d6b102) Importer(815301076,1909f56bfc062723c751e8b465ee728b)  -> (artifact id: 'f4b23c5ff080b012ecb6bd31da652de4') in 0.108739 seconds
  Import took 0.113976 seconds .

========================================================================
Received Import Request.
  Time since last request: 2633.170561 seconds.
  path: Assets/_Project/Prefabs/Player.prefab
  artifactKey: Guid(08a778a1906a74a40928769f49d6b102) Importer(815301076,1909f56bfc062723c751e8b465ee728b)
Start importing Assets/_Project/Prefabs/Player.prefab using Guid(08a778a1906a74a40928769f49d6b102) Importer(815301076,1909f56bfc062723c751e8b465ee728b)  -> (artifact id: '8a24348edfe12f3794d25084e1b7e5b6') in 0.113592 seconds
  Import took 0.126984 seconds .

========================================================================
Received Prepare
Registering precompiled user dll's ...
Registered in 0.002161 seconds.
Begin MonoManager ReloadAssembly
Symbol file LoadedFromMemory is not a mono symbol file
Native extension for WindowsStandalone target not found
Refreshing native plugins compatible for Editor in 0.36 ms, found 0 plugins.
Preloading 0 native plugins for Editor in 0.00 ms.
Invoked RoslynAnalysisRunner static constructor.
RoslynAnalysisRunner will not be running.
RoslynAnalysisRunner has terminated.
Mono: successfully reloaded assembly
- Completed reload, in  1.835 seconds
Platform modules already initialized, skipping
Refreshing native plugins compatible for Editor in 0.31 ms, found 0 plugins.
Preloading 0 native plugins for Editor in 0.00 ms.
Unloading 1414 Unused Serialized files (Serialized files now loaded: 0)
System memory in use before: 72.6 MB.
System memory in use after: 72.7 MB.

Unloading 6 unused Assets to reduce memory usage. Loaded Objects now: 1916.
Total: 2.428000 ms (FindLiveObjects: 0.253100 ms CreateObjectMapping: 0.078000 ms MarkObjects: 2.068500 ms  DeleteObjects: 0.026400 ms)

========================================================================
Received Prepare
Registering precompiled user dll's ...
Registered in 0.001426 seconds.
Begin MonoManager ReloadAssembly
Symbol file LoadedFromMemory is not a mono symbol file
Native extension for WindowsStandalone target not found
Refreshing native plugins compatible for Editor in 0.27 ms, found 0 plugins.
Preloading 0 native plugins for Editor in 0.00 ms.
Invoked RoslynAnalysisRunner static constructor.
RoslynAnalysisRunner will not be running.
RoslynAnalysisRunner has terminated.
Mono: successfully reloaded assembly
- Completed reload, in  1.273 seconds
Platform modules already initialized, skipping
Refreshing native plugins compatible for Editor in 0.41 ms, found 0 plugins.
Preloading 0 native plugins for Editor in 0.00 ms.
Unloading 1414 Unused Serialized files (Serialized files now loaded: 0)
System memory in use before: 72.7 MB.
System memory in use after: 72.8 MB.

Unloading 5 unused Assets to reduce memory usage. Loaded Objects now: 1918.
Total: 2.439800 ms (FindLiveObjects: 0.245000 ms CreateObjectMapping: 0.071800 ms MarkObjects: 2.101200 ms  DeleteObjects: 0.020400 ms)

========================================================================
Received Import Request.
  Time since last request: 88.114257 seconds.
  path: Assets/_Project/Prefabs/Player.prefab
  artifactKey: Guid(08a778a1906a74a40928769f49d6b102) Importer(815301076,1909f56bfc062723c751e8b465ee728b)
Start importing Assets/_Project/Prefabs/Player.prefab using Guid(08a778a1906a74a40928769f49d6b102) Importer(815301076,1909f56bfc062723c751e8b465ee728b)  -> (artifact id: '107a9e6552449c0478e03f7a5f6ee236') in 0.199889 seconds
  Import took 0.214904 seconds .

========================================================================
Received Import Request.
  Time since last request: 4.477702 seconds.
  path: Assets/_Project/Prefabs/Player.prefab
  artifactKey: Guid(08a778a1906a74a40928769f49d6b102) Importer(815301076,1909f56bfc062723c751e8b465ee728b)
Start importing Assets/_Project/Prefabs/Player.prefab using Guid(08a778a1906a74a40928769f49d6b102) Importer(815301076,1909f56bfc062723c751e8b465ee728b)  -> (artifact id: 'fc4d02a08ef6053bf0cb63113e44e498') in 0.021571 seconds
  Import took 0.032516 seconds .

========================================================================
Received Import Request.
  Time since last request: 5.969349 seconds.
  path: Assets/_Project/Prefabs/Player.prefab
  artifactKey: Guid(08a778a1906a74a40928769f49d6b102) Importer(815301076,1909f56bfc062723c751e8b465ee728b)
Start importing Assets/_Project/Prefabs/Player.prefab using Guid(08a778a1906a74a40928769f49d6b102) Importer(815301076,1909f56bfc062723c751e8b465ee728b)  -> (artifact id: 'd58239cd1921947da5b5063fba10d1ad') in 0.046291 seconds
  Import took 0.051895 seconds .

========================================================================
Received Import Request.
  Time since last request: 0.001727 seconds.
  path: Assets/_Project/Prefabs/Player.prefab
  artifactKey: Guid(08a778a1906a74a40928769f49d6b102) Importer(815301076,1909f56bfc062723c751e8b465ee728b)
Start importing Assets/_Project/Prefabs/Player.prefab using Guid(08a778a1906a74a40928769f49d6b102) Importer(815301076,1909f56bfc062723c751e8b465ee728b)  -> (artifact id: 'd58239cd1921947da5b5063fba10d1ad') in 0.034394 seconds
  Import took 0.039148 seconds .

========================================================================
Received Import Request.
  Time since last request: 2.988298 seconds.
  path: Assets/_Project/Prefabs/Player.prefab
  artifactKey: Guid(08a778a1906a74a40928769f49d6b102) Importer(815301076,1909f56bfc062723c751e8b465ee728b)
Start importing Assets/_Project/Prefabs/Player.prefab using Guid(08a778a1906a74a40928769f49d6b102) Importer(815301076,1909f56bfc062723c751e8b465ee728b)  -> (artifact id: '36fbde3a50383e4193f99f632428ce20') in 0.022521 seconds
  Import took 0.031449 seconds .

========================================================================
Received Import Request.
  Time since last request: 4.508160 seconds.
  path: Assets/_Project/Prefabs/Player.prefab
  artifactKey: Guid(08a778a1906a74a40928769f49d6b102) Importer(815301076,1909f56bfc062723c751e8b465ee728b)
Start importing Assets/_Project/Prefabs/Player.prefab using Guid(08a778a1906a74a40928769f49d6b102) Importer(815301076,1909f56bfc062723c751e8b465ee728b)  -> (artifact id: '4ccc3ea17b9efd7f6a274e7de1607c2a') in 0.029492 seconds
  Import took 0.035358 seconds .

========================================================================
Received Import Request.
  Time since last request: 2.263563 seconds.
  path: Assets/_Project/Prefabs/Player.prefab
  artifactKey: Guid(08a778a1906a74a40928769f49d6b102) Importer(815301076,1909f56bfc062723c751e8b465ee728b)
Start importing Assets/_Project/Prefabs/Player.prefab using Guid(08a778a1906a74a40928769f49d6b102) Importer(815301076,1909f56bfc062723c751e8b465ee728b)  -> (artifact id: 'b78aa92df5fa7edd7e83b49f4989c42f') in 0.067214 seconds
  Import took 0.072199 seconds .

========================================================================
Received Prepare
Registering precompiled user dll's ...
Registered in 0.007783 seconds.
Begin MonoManager ReloadAssembly
Symbol file LoadedFromMemory is not a mono symbol file
Native extension for WindowsStandalone target not found
Refreshing native plugins compatible for Editor in 0.26 ms, found 0 plugins.
Preloading 0 native plugins for Editor in 0.00 ms.
Invoked RoslynAnalysisRunner static constructor.
RoslynAnalysisRunner will not be running.
RoslynAnalysisRunner has terminated.
Mono: successfully reloaded assembly
- Completed reload, in  1.274 seconds
Platform modules already initialized, skipping
Refreshing native plugins compatible for Editor in 0.28 ms, found 0 plugins.
Preloading 0 native plugins for Editor in 0.00 ms.
Unloading 1414 Unused Serialized files (Serialized files now loaded: 0)
System memory in use before: 72.9 MB.
System memory in use after: 73.0 MB.

Unloading 6 unused Assets to reduce memory usage. Loaded Objects now: 1921.
Total: 2.029400 ms (FindLiveObjects: 0.211900 ms CreateObjectMapping: 0.052700 ms MarkObjects: 1.739700 ms  DeleteObjects: 0.023500 ms)

========================================================================
Received Import Request.
  Time since last request: 31.187206 seconds.
  path: Assets/_Project/Prefabs/Player.prefab
  artifactKey: Guid(08a778a1906a74a40928769f49d6b102) Importer(815301076,1909f56bfc062723c751e8b465ee728b)
Start importing Assets/_Project/Prefabs/Player.prefab using Guid(08a778a1906a74a40928769f49d6b102) Importer(815301076,1909f56bfc062723c751e8b465ee728b)  -> (artifact id: 'd542d8124b74d6f64d7052f11d3b3f99') in 0.142038 seconds
  Import took 0.145274 seconds .

========================================================================
Received Import Request.
  Time since last request: 0.247523 seconds.
  path: Assets/_Project/Prefabs/Player.prefab
  artifactKey: Guid(08a778a1906a74a40928769f49d6b102) Importer(815301076,1909f56bfc062723c751e8b465ee728b)
Start importing Assets/_Project/Prefabs/Player.prefab using Guid(08a778a1906a74a40928769f49d6b102) Importer(815301076,1909f56bfc062723c751e8b465ee728b)  -> (artifact id: '0588ee2f9b9adf97e0ef9f3a3cd3f76d') in 0.027189 seconds
  Import took 0.032989 seconds .

========================================================================
Received Import Request.
  Time since last request: 0.574829 seconds.
  path: Assets/_Project/Prefabs/Player.prefab
  artifactKey: Guid(08a778a1906a74a40928769f49d6b102) Importer(815301076,1909f56bfc062723c751e8b465ee728b)
Start importing Assets/_Project/Prefabs/Player.prefab using Guid(08a778a1906a74a40928769f49d6b102) Importer(815301076,1909f56bfc062723c751e8b465ee728b)  -> (artifact id: '58e8ba47bacdc845b45a012c9c317f17') in 0.026738 seconds
  Import took 0.033285 seconds .

========================================================================
Received Prepare
Registering precompiled user dll's ...
Registered in 0.006318 seconds.
Begin MonoManager ReloadAssembly
Symbol file LoadedFromMemory is not a mono symbol file
Native extension for WindowsStandalone target not found
Refreshing native plugins compatible for Editor in 0.47 ms, found 0 plugins.
Preloading 0 native plugins for Editor in 0.00 ms.
Invoked RoslynAnalysisRunner static constructor.
RoslynAnalysisRunner will not be running.
RoslynAnalysisRunner has terminated.
Mono: successfully reloaded assembly
- Completed reload, in  2.479 seconds
Platform modules already initialized, skipping
Refreshing native plugins compatible for Editor in 0.40 ms, found 0 plugins.
Preloading 0 native plugins for Editor in 0.00 ms.
Unloading 1414 Unused Serialized files (Serialized files now loaded: 0)
System memory in use before: 72.1 MB.
System memory in use after: 72.2 MB.

Unloading 6 unused Assets to reduce memory usage. Loaded Objects now: 1924.
Total: 3.293800 ms (FindLiveObjects: 0.894300 ms CreateObjectMapping: 0.248100 ms MarkObjects: 2.122900 ms  DeleteObjects: 0.027000 ms)

========================================================================
Received Prepare
Registering precompiled user dll's ...
Registered in 0.001363 seconds.
Begin MonoManager ReloadAssembly
Symbol file LoadedFromMemory is not a mono symbol file
Native extension for WindowsStandalone target not found
Refreshing native plugins compatible for Editor in 0.33 ms, found 0 plugins.
Preloading 0 native plugins for Editor in 0.00 ms.
Invoked RoslynAnalysisRunner static constructor.
RoslynAnalysisRunner will not be running.
RoslynAnalysisRunner has terminated.
Mono: successfully reloaded assembly
- Completed reload, in  1.223 seconds
Platform modules already initialized, skipping
Refreshing native plugins compatible for Editor in 0.38 ms, found 0 plugins.
Preloading 0 native plugins for Editor in 0.00 ms.
Unloading 1414 Unused Serialized files (Serialized files now loaded: 0)
System memory in use before: 72.2 MB.
System memory in use after: 72.3 MB.

Unloading 5 unused Assets to reduce memory usage. Loaded Objects now: 1926.
Total: 2.244100 ms (FindLiveObjects: 0.219700 ms CreateObjectMapping: 0.079300 ms MarkObjects: 1.924900 ms  DeleteObjects: 0.018700 ms)

========================================================================
Received Import Request.
  Time since last request: 152.391323 seconds.
  path: Assets/_Project/Prefabs/Player.prefab
  artifactKey: Guid(08a778a1906a74a40928769f49d6b102) Importer(815301076,1909f56bfc062723c751e8b465ee728b)
Start importing Assets/_Project/Prefabs/Player.prefab using Guid(08a778a1906a74a40928769f49d6b102) Importer(815301076,1909f56bfc062723c751e8b465ee728b)  -> (artifact id: '63267642d490f7f03c904b345885fdb0') in 0.155131 seconds
  Import took 0.159033 seconds .

========================================================================
Received Prepare
Registering precompiled user dll's ...
Registered in 0.001736 seconds.
Begin MonoManager ReloadAssembly
Symbol file LoadedFromMemory is not a mono symbol file
Native extension for WindowsStandalone target not found
Refreshing native plugins compatible for Editor in 0.68 ms, found 0 plugins.
Preloading 0 native plugins for Editor in 0.00 ms.
Invoked RoslynAnalysisRunner static constructor.
RoslynAnalysisRunner will not be running.
RoslynAnalysisRunner has terminated.
Mono: successfully reloaded assembly
- Completed reload, in  1.416 seconds
Platform modules already initialized, skipping
Refreshing native plugins compatible for Editor in 0.28 ms, found 0 plugins.
Preloading 0 native plugins for Editor in 0.00 ms.
Unloading 1414 Unused Serialized files (Serialized files now loaded: 0)
System memory in use before: 72.4 MB.
System memory in use after: 72.5 MB.

Unloading 6 unused Assets to reduce memory usage. Loaded Objects now: 1929.
Total: 1.905400 ms (FindLiveObjects: 0.185800 ms CreateObjectMapping: 0.056100 ms MarkObjects: 1.639000 ms  DeleteObjects: 0.023200 ms)

AssetImportWorkerClient::OnTransportError - code=2 error=End of file
